2021-11-21 22:34:48,809 DEBUG [main] ChristmasGiftsStep:11 - Navigated to url.
2021-11-21 22:34:53,618 DEBUG [main] ChristmasGiftsStep:11 - Clicked on christmas gifts
2021-11-21 22:35:00,998 DEBUG [main] ChristmasGiftsStep:34 - Clicked on StagecoachProduct
2021-11-21 22:35:03,096  INFO [main] ChristmasGiftsStep:39 - Price: Rs. 3,295
2021-11-21 22:35:08,613  INFO [main] ChristmasGiftsStep:45 - Cash on Delivery is available.
2021-11-21 22:35:08,614 DEBUG [main] ChristmasGiftsStep:11 - Details fetched Successfully
2021-11-21 22:35:09,322 DEBUG [main] ChristmasGiftsStep:11 - Corporate Test Completed
2021-11-21 22:35:25,484 DEBUG [main] CorporateGiftsStep:11 - Navigated to the Base Url.
2021-11-21 22:35:29,736 DEBUG [main] CorporateGiftsStep:11 - clicked on corporate link
2021-11-21 22:35:30,242 DEBUG [main] CorporateGiftsStep:26 - Entered Name.
2021-11-21 22:35:31,562 DEBUG [main] CorporateGiftsStep:29 - Entered Email.
2021-11-21 22:35:33,167 DEBUG [main] CorporateGiftsStep:32 - Entered Mobile Number.
2021-11-21 22:35:34,184 DEBUG [main] CorporateGiftsStep:11 - filled the details
2021-11-21 22:35:34,796 DEBUG [main] CorporateGiftsStep:11 - Clicked on submit
2021-11-21 22:35:37,249 DEBUG [main] CorporateGiftsStep:11 - Corporate Gifts Feature Executed
2021-11-21 22:35:51,978 DEBUG [main] GiftCardStep:11 - Navigated to the Base Url.
2021-11-21 22:35:58,700 DEBUG [main] GiftCardStep:25 - clicked on Gift Card link
2021-11-21 22:36:01,163 DEBUG [main] GiftCardStep:33 - Add the quantity
2021-11-21 22:36:04,530 DEBUG [main] GiftCardStep:55 - closed Popup
2021-11-21 22:36:04,531 DEBUG [main] GiftCardStep:11 - Gift Card Test is executed.
2021-11-21 22:36:22,226 DEBUG [main] GiftsDropdownStep:11 - Navigated to the Base Url.
2021-11-21 22:36:23,007 DEBUG [main] GiftsDropdownStep:28 - hovering on gift
2021-11-21 22:36:27,780 DEBUG [main] GiftsDropdownStep:11 - clicked on options for girls.
2021-11-21 22:36:28,806 DEBUG [main] GiftsDropdownStep:11 - Hover functionality is working fine.
2021-11-21 22:36:36,203 DEBUG [main] GiftsDropdownStep:11 - clicked on product.
2021-11-21 22:36:36,876  INFO [main] GiftsDropdownStep:46 - Product name verified
2021-11-21 22:36:36,877 DEBUG [main] GiftsDropdownStep:11 - Product name verified
2021-11-21 22:36:37,425  INFO [main] GiftsDropdownStep:48 - Product Name: Girl Power Wooden Pop Socket
2021-11-21 22:36:37,461  INFO [main] GiftsDropdownStep:49 - Price: Rs. 399
2021-11-21 22:36:37,523  INFO [main] GiftsDropdownStep:50 - CHANNELISE YOUR YIN!
Jack had to let go of her beloved Rose, but you don't have to let go of your cellphone. Presenting these cute phone brackets to protect your phone from sudden fall while you're holding it. The cute design will give your phone a unique look. You can also wrap your earphones around it to keep them from tangling. It will be a perfect gift for a phone addict friend who likes to spend their whole day scrolling Instagram or binge-watching videos. 
Watch videos and browse social media hands-free
Compatible with all cellphones
Prevent phone from falling
Easy to apply
Birthday gift for the selfie-addict
Material: Wood
Dimensions: 3.9 cm

Package includes:
1 x Girl Power Wooden Pop Socket
Category: Mobile Accessories
Sub-category: Creative Gifts
2021-11-21 22:36:37,524 DEBUG [main] GiftsDropdownStep:11 - Product details verified and fetched.
2021-11-21 22:36:38,091 DEBUG [main] GiftsDropdownStep:11 - Gift Dropdown feature Executed.
2021-11-21 22:36:58,324 DEBUG [main] PersonlizedStep:11 - Navigated to the url
2021-11-21 22:37:03,844 DEBUG [main] PersonlizedStep:11 - Clicked on personalized Gifts
2021-11-21 22:37:13,400 DEBUG [main] PersonlizedStep:27 - clicked on product
2021-11-21 22:37:15,690 DEBUG [main] PersonlizedStep:32 - filled the name
2021-11-21 22:37:16,879 DEBUG [main] PersonlizedStep:35 - filled the quantity
2021-11-21 22:37:17,892 DEBUG [main] PersonlizedStep:11 - Filled the name and quantity
2021-11-21 22:37:19,252 DEBUG [main] PersonlizedStep:40 - Clicked on add to cart
2021-11-21 22:37:21,256 DEBUG [main] PersonlizedStep:11 - Clicked on Add to cart
2021-11-21 22:37:24,274 DEBUG [main] PersonlizedStep:11 - Personalized Gifts Test Executed
2021-11-21 22:37:41,807 DEBUG [main] SearchStep:27 - product name entered
2021-11-21 22:37:44,929 DEBUG [main] SearchStep:32 - clicked on search
2021-11-21 22:37:47,954 DEBUG [main] SearchStep:11 - Search Test Executed.
2021-11-21 22:38:05,222 DEBUG [main] SignInStep:23 - clicked on Sign in link.
2021-11-21 22:38:06,629 DEBUG [main] SignInStep:29 - Email entered
2021-11-21 22:38:06,918 DEBUG [main] SignInStep:32 - password entered
2021-11-21 22:38:06,919 DEBUG [main] SignInStep:33 - filled the details.
2021-11-21 22:38:11,633 DEBUG [main] SignInStep:37 - clicked on sign in
2021-11-21 22:38:13,912 DEBUG [main] SignInStep:11 - Sign in success
2021-11-21 22:38:14,196 DEBUG [main] SignInStep:11 - Sign in Test executed
2021-11-21 22:38:30,613 DEBUG [main] TrackOrderStep:24 - clicked on Track order
2021-11-21 22:38:35,658  WARN [main] TrackOrderStep:36 - Landed on some another page.
2021-11-21 22:38:36,088 DEBUG [main] TrackOrderStep:44 - filled the details
2021-11-21 22:38:36,275 DEBUG [main] TrackOrderStep:46 - Clicked on track
2021-11-21 22:38:38,338  INFO [main] TrackOrderStep:49 - Status of your order: Sorry, that order was not found
The email address entered must match the email address that was used when the order was placed. Please contact support if you continue to have trouble finding your order.
2021-11-21 22:38:38,339 DEBUG [main] TrackOrderStep:11 - Tracked the order
2021-11-21 22:38:38,571 DEBUG [main] TrackOrderStep:11 - Track Order test executed
2021-11-21 22:38:51,589  INFO [main] ValidateHomeStep:38 - Starting validation
2021-11-21 22:38:53,614 DEBUG [main] ValidateHomeStep:11 - Title Verifcation Success
2021-11-21 22:38:54,486 DEBUG [main] ValidateHomeStep:11 - Logo Verification Success
2021-11-21 22:38:55,075 DEBUG [main] ValidateHomeStep:11 - SearchBox is  displayed
2021-11-21 22:38:55,624 DEBUG [main] ValidateHomeStep:11 - Validate Home test executed
2021-11-21 22:39:11,985 DEBUG [main] WishListSteps:39 - Clicked on wishlist
2021-11-21 22:39:14,541 DEBUG [main] WishListSteps:19 - Wish List title is not verified.
